Info: Starting: Create block symbol file (.bsf)
Info: qsys-generate "C:\Users\bensw\Desktop\tutorial_1.8 to exercise 1.1\nios_system.qsys" --block-symbol-file --output-directory="C:\Users\bensw\Desktop\tutorial_1.8 to exercise 1.1\nios_system" --family="Cyclone V" --part=5CSEMA5F31C6
Progress: Loading tutorial_1.8 to exercise 1.1/nios_system.qsys
Progress: Reading input file
Progress: Adding HEX0 [altera_avalon_pio 15.0]
Progress: Parameterizing module HEX0
Progress: Adding jtag_uart_0 [altera_avalon_jtag_uart 15.0]
Progress: Parameterizing module jtag_uart_0
Progress: Adding key [altera_avalon_pio 15.0]
Progress: Parameterizing module key
Progress: Adding nios2_qsys_0 [altera_nios2_gen2 15.0]
Progress: Parameterizing module nios2_qsys_0
Progress: Adding onchip_memory2_0 [altera_avalon_onchip_memory2 15.0]
Progress: Parameterizing module onchip_memory2_0
Progress: Adding sdram [altera_avalon_new_sdram_controller 15.0]
Progress: Parameterizing module sdram
Progress: Adding sys_sdram_pll_0 [altera_up_avalon_sys_sdram_pll 15.0]
Progress: Parameterizing module sys_sdram_pll_0
Progress: Building connections
Progress: Parameterizing connections
Progress: Validating
Progress: Done reading input file
Info: nios_system.key: PIO inputs are not hardwired in test bench. Undefined values will be read from PIO inputs during simulation.
Info: ip-generate succeeded.
Info: Finished: Create block symbol file (.bsf)
Info: 
Info: Starting: Create HDL design files for synthesis
Info: qsys-generate "C:\Users\bensw\Desktop\tutorial_1.8 to exercise 1.1\nios_system.qsys" --synthesis=VERILOG --output-directory="C:\Users\bensw\Desktop\tutorial_1.8 to exercise 1.1\nios_system\synthesis" --family="Cyclone V" --part=5CSEMA5F31C6
Progress: Loading tutorial_1.8 to exercise 1.1/nios_system.qsys
Progress: Reading input file
Progress: Adding HEX0 [altera_avalon_pio 15.0]
Progress: Parameterizing module HEX0
Progress: Adding jtag_uart_0 [altera_avalon_jtag_uart 15.0]
Progress: Parameterizing module jtag_uart_0
Progress: Adding key [altera_avalon_pio 15.0]
Progress: Parameterizing module key
Progress: Adding nios2_qsys_0 [altera_nios2_gen2 15.0]
Progress: Parameterizing module nios2_qsys_0
Progress: Adding onchip_memory2_0 [altera_avalon_onchip_memory2 15.0]
Progress: Parameterizing module onchip_memory2_0
Progress: Adding sdram [altera_avalon_new_sdram_controller 15.0]
Progress: Parameterizing module sdram
Progress: Adding sys_sdram_pll_0 [altera_up_avalon_sys_sdram_pll 15.0]
Progress: Parameterizing module sys_sdram_pll_0
Progress: Building connections
Progress: Parameterizing connections
Progress: Validating
Progress: Done reading input file
Info: nios_system.key: PIO inputs are not hardwired in test bench. Undefined values will be read from PIO inputs during simulation.
Info: nios_system: Generating nios_system "nios_system" for QUARTUS_SYNTH
Info: HEX0: Starting RTL generation for module 'nios_system_HEX0'
Info: HEX0:   Generation command is [exec C:/altera/15.0/quartus/bin64/perl/bin/perl.exe -I C:/altera/15.0/quartus/bin64/perl/lib -I C:/altera/15.0/quartus/sopc_builder/bin/europa -I C:/altera/15.0/quartus/sopc_builder/bin/perl_lib -I C:/altera/15.0/quartus/sopc_builder/bin -I C:/altera/15.0/quartus/../ip/altera/sopc_builder_ip/common -I C:/altera/15.0/quartus/../ip/altera/sopc_builder_ip/altera_avalon_pio -- C:/altera/15.0/quartus/../ip/altera/sopc_builder_ip/altera_avalon_pio/generate_rtl.pl --name=nios_system_HEX0 --dir=C:/Users/bensw/AppData/Local/Temp/alt7558_7271952214697047100.dir/0001_HEX0_gen/ --quartus_dir=C:/altera/15.0/quartus --verilog --config=C:/Users/bensw/AppData/Local/Temp/alt7558_7271952214697047100.dir/0001_HEX0_gen//nios_system_HEX0_component_configuration.pl  --do_build_sim=0  ]
Info: HEX0: Done RTL generation for module 'nios_system_HEX0'
Info: HEX0: "nios_system" instantiated altera_avalon_pio "HEX0"
Info: jtag_uart_0: Starting RTL generation for module 'nios_system_jtag_uart_0'
Info: jtag_uart_0:   Generation command is [exec C:/altera/15.0/quartus/bin64/perl/bin/perl.exe -I C:/altera/15.0/quartus/bin64/perl/lib -I C:/altera/15.0/quartus/sopc_builder/bin/europa -I C:/altera/15.0/quartus/sopc_builder/bin/perl_lib -I C:/altera/15.0/quartus/sopc_builder/bin -I C:/altera/15.0/quartus/../ip/altera/sopc_builder_ip/common -I C:/altera/15.0/quartus/../ip/altera/sopc_builder_ip/altera_avalon_jtag_uart -- C:/altera/15.0/quartus/../ip/altera/sopc_builder_ip/altera_avalon_jtag_uart/generate_rtl.pl --name=nios_system_jtag_uart_0 --dir=C:/Users/bensw/AppData/Local/Temp/alt7558_7271952214697047100.dir/0002_jtag_uart_0_gen/ --quartus_dir=C:/altera/15.0/quartus --verilog --config=C:/Users/bensw/AppData/Local/Temp/alt7558_7271952214697047100.dir/0002_jtag_uart_0_gen//nios_system_jtag_uart_0_component_configuration.pl  --do_build_sim=0  ]
Info: jtag_uart_0: Done RTL generation for module 'nios_system_jtag_uart_0'
Info: jtag_uart_0: "nios_system" instantiated altera_avalon_jtag_uart "jtag_uart_0"
Info: key: Starting RTL generation for module 'nios_system_key'
Info: key:   Generation command is [exec C:/altera/15.0/quartus/bin64/perl/bin/perl.exe -I C:/altera/15.0/quartus/bin64/perl/lib -I C:/altera/15.0/quartus/sopc_builder/bin/europa -I C:/altera/15.0/quartus/sopc_builder/bin/perl_lib -I C:/altera/15.0/quartus/sopc_builder/bin -I C:/altera/15.0/quartus/../ip/altera/sopc_builder_ip/common -I C:/altera/15.0/quartus/../ip/altera/sopc_builder_ip/altera_avalon_pio -- C:/altera/15.0/quartus/../ip/altera/sopc_builder_ip/altera_avalon_pio/generate_rtl.pl --name=nios_system_key --dir=C:/Users/bensw/AppData/Local/Temp/alt7558_7271952214697047100.dir/0003_key_gen/ --quartus_dir=C:/altera/15.0/quartus --verilog --config=C:/Users/bensw/AppData/Local/Temp/alt7558_7271952214697047100.dir/0003_key_gen//nios_system_key_component_configuration.pl  --do_build_sim=0  ]
Info: key: Done RTL generation for module 'nios_system_key'
Info: key: "nios_system" instantiated altera_avalon_pio "key"
Info: nios2_qsys_0: "nios_system" instantiated altera_nios2_gen2 "nios2_qsys_0"
Info: onchip_memory2_0: Starting RTL generation for module 'nios_system_onchip_memory2_0'
Info: onchip_memory2_0:   Generation command is [exec C:/altera/15.0/quartus/bin64/perl/bin/perl.exe -I C:/altera/15.0/quartus/bin64/perl/lib -I C:/altera/15.0/quartus/sopc_builder/bin/europa -I C:/altera/15.0/quartus/sopc_builder/bin/perl_lib -I C:/altera/15.0/quartus/sopc_builder/bin -I C:/altera/15.0/quartus/../ip/altera/sopc_builder_ip/common -I C:/altera/15.0/quartus/../ip/altera/sopc_builder_ip/altera_avalon_onchip_memory2 -- C:/altera/15.0/quartus/../ip/altera/sopc_builder_ip/altera_avalon_onchip_memory2/generate_rtl.pl --name=nios_system_onchip_memory2_0 --dir=C:/Users/bensw/AppData/Local/Temp/alt7558_7271952214697047100.dir/0004_onchip_memory2_0_gen/ --quartus_dir=C:/altera/15.0/quartus --verilog --config=C:/Users/bensw/AppData/Local/Temp/alt7558_7271952214697047100.dir/0004_onchip_memory2_0_gen//nios_system_onchip_memory2_0_component_configuration.pl  --do_build_sim=0  ]
Info: onchip_memory2_0: Done RTL generation for module 'nios_system_onchip_memory2_0'
Info: onchip_memory2_0: "nios_system" instantiated altera_avalon_onchip_memory2 "onchip_memory2_0"
Info: sdram: Starting RTL generation for module 'nios_system_sdram'
Info: sdram:   Generation command is [exec C:/altera/15.0/quartus/bin64/perl/bin/perl.exe -I C:/altera/15.0/quartus/bin64/perl/lib -I C:/altera/15.0/quartus/sopc_builder/bin/europa -I C:/altera/15.0/quartus/sopc_builder/bin/perl_lib -I C:/altera/15.0/quartus/sopc_builder/bin -I C:/altera/15.0/quartus/../ip/altera/sopc_builder_ip/common -I C:/altera/15.0/quartus/../ip/altera/sopc_builder_ip/altera_avalon_new_sdram_controller -- C:/altera/15.0/quartus/../ip/altera/sopc_builder_ip/altera_avalon_new_sdram_controller/generate_rtl.pl --name=nios_system_sdram --dir=C:/Users/bensw/AppData/Local/Temp/alt7558_7271952214697047100.dir/0005_sdram_gen/ --quartus_dir=C:/altera/15.0/quartus --verilog --config=C:/Users/bensw/AppData/Local/Temp/alt7558_7271952214697047100.dir/0005_sdram_gen//nios_system_sdram_component_configuration.pl  --do_build_sim=0  ]
Info: sdram: Done RTL generation for module 'nios_system_sdram'
Info: sdram: "nios_system" instantiated altera_avalon_new_sdram_controller "sdram"
Info: sys_sdram_pll_0: "nios_system" instantiated altera_up_avalon_sys_sdram_pll "sys_sdram_pll_0"
Info: avalon_st_adapter: Inserting error_adapter: error_adapter_0
Info: avalon_st_adapter_001: Inserting error_adapter: error_adapter_0
Info: avalon_st_adapter_002: Inserting error_adapter: error_adapter_0
Info: avalon_st_adapter_003: Inserting error_adapter: error_adapter_0
Info: avalon_st_adapter_004: Inserting error_adapter: error_adapter_0
Info: avalon_st_adapter_005: Inserting error_adapter: error_adapter_0
Info: mm_interconnect_0: "nios_system" instantiated altera_mm_interconnect "mm_interconnect_0"
Info: irq_mapper: "nios_system" instantiated altera_irq_mapper "irq_mapper"
Info: rst_controller: "nios_system" instantiated altera_reset_controller "rst_controller"
Info: cpu: Starting RTL generation for module 'nios_system_nios2_qsys_0_cpu'
Info: cpu:   Generation command is [exec C:/altera/15.0/quartus/bin64/eperlcmd.exe -I C:/altera/15.0/quartus/bin64/perl/lib -I C:/altera/15.0/quartus/sopc_builder/bin/europa -I C:/altera/15.0/quartus/sopc_builder/bin/perl_lib -I C:/altera/15.0/quartus/sopc_builder/bin -I C:/altera/15.0/quartus/../ip/altera/nios2_ip/altera_nios2_gen2/cpu_lib -I C:/altera/15.0/quartus/../ip/altera/nios2_ip/altera_nios2_gen2/nios_lib -I C:/altera/15.0/quartus/../ip/altera/nios2_ip/altera_nios2_gen2 -I C:/altera/15.0/quartus/../ip/altera/nios2_ip/altera_nios2_gen2 -- C:/altera/15.0/quartus/../ip/altera/nios2_ip/altera_nios2_gen2/generate_rtl.epl --name=nios_system_nios2_qsys_0_cpu --dir=C:/Users/bensw/AppData/Local/Temp/alt7558_7271952214697047100.dir/0008_cpu_gen/ --quartus_bindir=C:/altera/15.0/quartus/bin64 --verilog --config=C:/Users/bensw/AppData/Local/Temp/alt7558_7271952214697047100.dir/0008_cpu_gen//nios_system_nios2_qsys_0_cpu_processor_configuration.pl  --do_build_sim=0  ]
Info: cpu: # 2018.01.26 23:12:42 (*) Starting Nios II generation
Info: cpu: # 2018.01.26 23:12:42 (*)   Checking for plaintext license.
Info: cpu: # 2018.01.26 23:12:46 (*)   Couldn't query license setup in Quartus directory C:/altera/15.0/quartus/bin64
Info: cpu: # 2018.01.26 23:12:46 (*)   Defaulting to contents of LM_LICENSE_FILE environment variable
Info: cpu: # 2018.01.26 23:12:46 (*)   LM_LICENSE_FILE environment variable is empty
Info: cpu: # 2018.01.26 23:12:46 (*)   Plaintext license not found.
Info: cpu: # 2018.01.26 23:12:46 (*)   No license required to generate encrypted Nios II/e.
Info: cpu: # 2018.01.26 23:12:46 (*)   Elaborating CPU configuration settings
Info: cpu: # 2018.01.26 23:12:46 (*)   Creating all objects for CPU
Info: cpu: # 2018.01.26 23:12:47 (*)   Generating RTL from CPU objects
Info: cpu: # 2018.01.26 23:12:47 (*)   Creating plain-text RTL
Info: cpu: # 2018.01.26 23:12:49 (*) Done Nios II generation
Info: cpu: Done RTL generation for module 'nios_system_nios2_qsys_0_cpu'
Info: cpu: "nios2_qsys_0" instantiated altera_nios2_gen2_unit "cpu"
Info: sys_pll: "sys_sdram_pll_0" instantiated altera_pll "sys_pll"
Info: reset_from_locked: "sys_sdram_pll_0" instantiated altera_up_avalon_reset_from_locked_signal "reset_from_locked"
Info: nios2_qsys_0_data_master_translator: "mm_interconnect_0" instantiated altera_merlin_master_translator "nios2_qsys_0_data_master_translator"
Info: jtag_uart_0_avalon_jtag_slave_translator: "mm_interconnect_0" instantiated altera_merlin_slave_translator "jtag_uart_0_avalon_jtag_slave_translator"
Info: nios2_qsys_0_data_master_agent: "mm_interconnect_0" instantiated altera_merlin_master_agent "nios2_qsys_0_data_master_agent"
Info: jtag_uart_0_avalon_jtag_slave_agent: "mm_interconnect_0" instantiated altera_merlin_slave_agent "jtag_uart_0_avalon_jtag_slave_agent"
Info: jtag_uart_0_avalon_jtag_slave_agent_rsp_fifo: "mm_interconnect_0" instantiated altera_avalon_sc_fifo "jtag_uart_0_avalon_jtag_slave_agent_rsp_fifo"
Info: router: "mm_interconnect_0" instantiated altera_merlin_router "router"
Info: router_001: "mm_interconnect_0" instantiated altera_merlin_router "router_001"
Info: router_002: "mm_interconnect_0" instantiated altera_merlin_router "router_002"
Info: router_003: "mm_interconnect_0" instantiated altera_merlin_router "router_003"
Info: router_004: "mm_interconnect_0" instantiated altera_merlin_router "router_004"
Info: sdram_s1_burst_adapter: "mm_interconnect_0" instantiated altera_merlin_burst_adapter "sdram_s1_burst_adapter"
Info: cmd_demux: "mm_interconnect_0" instantiated altera_merlin_demultiplexer "cmd_demux"
Info: cmd_demux_001: "mm_interconnect_0" instantiated altera_merlin_demultiplexer "cmd_demux_001"
Info: cmd_mux: "mm_interconnect_0" instantiated altera_merlin_multiplexer "cmd_mux"
Info: cmd_mux_001: "mm_interconnect_0" instantiated altera_merlin_multiplexer "cmd_mux_001"
Info: Reusing file C:/Users/bensw/Desktop/tutorial_1.8 to exercise 1.1/nios_system/synthesis/submodules/altera_merlin_arbitrator.sv
Info: rsp_demux: "mm_interconnect_0" instantiated altera_merlin_demultiplexer "rsp_demux"
Info: rsp_demux_001: "mm_interconnect_0" instantiated altera_merlin_demultiplexer "rsp_demux_001"
Info: rsp_mux: "mm_interconnect_0" instantiated altera_merlin_multiplexer "rsp_mux"
Info: Reusing file C:/Users/bensw/Desktop/tutorial_1.8 to exercise 1.1/nios_system/synthesis/submodules/altera_merlin_arbitrator.sv
Info: rsp_mux_001: "mm_interconnect_0" instantiated altera_merlin_multiplexer "rsp_mux_001"
Info: Reusing file C:/Users/bensw/Desktop/tutorial_1.8 to exercise 1.1/nios_system/synthesis/submodules/altera_merlin_arbitrator.sv
Info: sdram_s1_rsp_width_adapter: "mm_interconnect_0" instantiated altera_merlin_width_adapter "sdram_s1_rsp_width_adapter"
Info: Reusing file C:/Users/bensw/Desktop/tutorial_1.8 to exercise 1.1/nios_system/synthesis/submodules/altera_merlin_address_alignment.sv
Info: Reusing file C:/Users/bensw/Desktop/tutorial_1.8 to exercise 1.1/nios_system/synthesis/submodules/altera_merlin_burst_uncompressor.sv
Info: avalon_st_adapter: "mm_interconnect_0" instantiated altera_avalon_st_adapter "avalon_st_adapter"
Info: avalon_st_adapter_002: "mm_interconnect_0" instantiated altera_avalon_st_adapter "avalon_st_adapter_002"
Info: error_adapter_0: "avalon_st_adapter" instantiated error_adapter "error_adapter_0"
Info: error_adapter_0: "avalon_st_adapter_002" instantiated error_adapter "error_adapter_0"
Info: nios_system: Done "nios_system" with 38 modules, 61 files
Info: ip-generate succeeded.
Info: Finished: Create HDL design files for synthesis
