Flow report for Exercise17
Thu Feb 01 14:54:43 2018
Quartus II 64-Bit Version 15.0.0 Build 145 04/22/2015 SJ Web Edition


---------------------
; Table of Contents ;
---------------------
  1. Legal Notice
  2. Flow Summary
  3. Flow Settings
  4. Flow Non-Default Global Settings
  5. Flow Elapsed Time
  6. Flow OS Summary
  7. Flow Log
  8. Flow Messages
  9. Flow Suppressed Messages



----------------
; Legal Notice ;
----------------
Copyright (C) 1991-2015 Altera Corporation. All rights reserved.
Your use of Altera Corporation's design tools, logic functions 
and other software and tools, and its AMPP partner logic 
functions, and any output files from any of the foregoing 
(including device programming or simulation files), and any 
associated documentation or information are expressly subject 
to the terms and conditions of the Altera Program License 
Subscription Agreement, the Altera Quartus II License Agreement,
the Altera MegaCore Function License Agreement, or other 
applicable license agreement, including, without limitation, 
that your use is for the sole purpose of programming logic 
devices manufactured by Altera and sold by Altera or its 
authorized distributors.  Please refer to the applicable 
agreement for further details.



+------------------------------------------------------------------------------+
; Flow Summary                                                                 ;
+---------------------------------+--------------------------------------------+
; Flow Status                     ; Successful - Thu Feb 01 14:54:43 2018      ;
; Quartus II 64-Bit Version       ; 15.0.0 Build 145 04/22/2015 SJ Web Edition ;
; Revision Name                   ; Exercise17                                 ;
; Top-level Entity Name           ; Exercise14                                 ;
; Family                          ; Cyclone V                                  ;
; Device                          ; 5CSEMA5F31C6                               ;
; Timing Models                   ; Final                                      ;
; Logic utilization (in ALMs)     ; 2,429 / 32,070 ( 8 % )                     ;
; Total registers                 ; 3324                                       ;
; Total pins                      ; 207 / 457 ( 45 % )                         ;
; Total virtual pins              ; 0                                          ;
; Total block memory bits         ; 3,158,656 / 4,065,280 ( 78 % )             ;
; Total DSP Blocks                ; 0 / 87 ( 0 % )                             ;
; Total HSSI RX PCSs              ; 0                                          ;
; Total HSSI PMA RX Deserializers ; 0                                          ;
; Total HSSI TX PCSs              ; 0                                          ;
; Total HSSI PMA TX Serializers   ; 0                                          ;
; Total PLLs                      ; 2 / 6 ( 33 % )                             ;
; Total DLLs                      ; 0 / 4 ( 0 % )                              ;
+---------------------------------+--------------------------------------------+


+-----------------------------------------+
; Flow Settings                           ;
+-------------------+---------------------+
; Option            ; Setting             ;
+-------------------+---------------------+
; Start date & time ; 02/01/2018 14:48:23 ;
; Main task         ; Compilation         ;
; Revision Name     ; Exercise17          ;
+-------------------+---------------------+


+-----------------------------------------------------------------------------------------------------------------------------+
; Flow Non-Default Global Settings                                                                                            ;
+-------------------------------------+---------------------------------------+---------------+--------------+----------------+
; Assignment Name                     ; Value                                 ; Default Value ; Entity Name  ; Section Id     ;
+-------------------------------------+---------------------------------------+---------------+--------------+----------------+
; COMPILER_SIGNATURE_ID               ; 172309003780753.151752530310500       ; --            ; --           ; --             ;
; EDA_OUTPUT_DATA_FORMAT              ; Vhdl                                  ; --            ; --           ; eda_simulation ;
; EDA_SIMULATION_TOOL                 ; ModelSim-Altera (VHDL)                ; <None>        ; --           ; --             ;
; MAX_CORE_JUNCTION_TEMP              ; 85                                    ; --            ; --           ; --             ;
; MIN_CORE_JUNCTION_TEMP              ; 0                                     ; --            ; --           ; --             ;
; MISC_FILE                           ; PLL30Mhz_sim/PLL30Mhz.vho             ; --            ; --           ; --             ;
; MISC_FILE                           ; VideoRamFrameBuffer.cmp               ; --            ; --           ; --             ;
; MISC_FILE                           ; Sram.bsf                              ; --            ; --           ; --             ;
; MISC_FILE                           ; Sram_inst.vhd                         ; --            ; --           ; --             ;
; MISC_FILE                           ; Sram.cmp                              ; --            ; --           ; --             ;
; MISC_FILE                           ; PLL30Mhz.cmp                          ; --            ; --           ; --             ;
; MISC_FILE                           ; ColourPallette_2PortRam.bsf           ; --            ; --           ; --             ;
; MISC_FILE                           ; ColourPallette_2PortRam.cmp           ; --            ; --           ; --             ;
; PARTITION_COLOR                     ; 16764057                              ; --            ; DE1_SOC_NIOS ; Top            ;
; PARTITION_COLOR                     ; 16764057                              ; --            ; Exercise14   ; Top            ;
; PARTITION_FITTER_PRESERVATION_LEVEL ; PLACEMENT_AND_ROUTING                 ; --            ; DE1_SOC_NIOS ; Top            ;
; PARTITION_FITTER_PRESERVATION_LEVEL ; PLACEMENT_AND_ROUTING                 ; --            ; Exercise14   ; Top            ;
; PARTITION_NETLIST_TYPE              ; SOURCE                                ; --            ; DE1_SOC_NIOS ; Top            ;
; PARTITION_NETLIST_TYPE              ; SOURCE                                ; --            ; Exercise14   ; Top            ;
; POWER_BOARD_THERMAL_MODEL           ; None (CONSERVATIVE)                   ; --            ; --           ; --             ;
; POWER_PRESET_COOLING_SOLUTION       ; 23 MM HEAT SINK WITH 200 LFPM AIRFLOW ; --            ; --           ; --             ;
; PROJECT_OUTPUT_DIRECTORY            ; output_files                          ; --            ; --           ; --             ;
; SPD_FILE                            ; PLL30Mhz.spd                          ; --            ; --           ; --             ;
; SYNTHESIS_ONLY_QIP                  ; On                                    ; --            ; --           ; --             ;
; TOP_LEVEL_ENTITY                    ; Exercise14                            ; Exercise17    ; --           ; --             ;
+-------------------------------------+---------------------------------------+---------------+--------------+----------------+


+-------------------------------------------------------------------------------------------------------------------------------+
; Flow Elapsed Time                                                                                                             ;
+---------------------------+--------------+-------------------------+---------------------+------------------------------------+
; Module Name               ; Elapsed Time ; Average Processors Used ; Peak Virtual Memory ; Total CPU Time (on all processors) ;
+---------------------------+--------------+-------------------------+---------------------+------------------------------------+
; Analysis & Synthesis      ; 00:01:37     ; 1.0                     ; 1028 MB             ; 00:02:30                           ;
; Fitter                    ; 00:02:57     ; 2.2                     ; 2898 MB             ; 00:04:55                           ;
; Assembler                 ; 00:00:18     ; 1.0                     ; 923 MB              ; 00:00:16                           ;
; TimeQuest Timing Analyzer ; 00:00:40     ; 1.7                     ; 1508 MB             ; 00:00:59                           ;
; EDA Netlist Writer        ; 00:00:06     ; 1.0                     ; 995 MB              ; 00:00:05                           ;
; Total                     ; 00:05:38     ; --                      ; --                  ; 00:08:45                           ;
+---------------------------+--------------+-------------------------+---------------------+------------------------------------+


+----------------------------------------------------------------------------------------+
; Flow OS Summary                                                                        ;
+---------------------------+------------------+-----------+------------+----------------+
; Module Name               ; Machine Hostname ; OS Name   ; OS Version ; Processor type ;
+---------------------------+------------------+-----------+------------+----------------+
; Analysis & Synthesis      ; DESKTOP-7Q8M5UM  ; Windows 7 ; 6.2        ; x86_64         ;
; Fitter                    ; DESKTOP-7Q8M5UM  ; Windows 7 ; 6.2        ; x86_64         ;
; Assembler                 ; DESKTOP-7Q8M5UM  ; Windows 7 ; 6.2        ; x86_64         ;
; TimeQuest Timing Analyzer ; DESKTOP-7Q8M5UM  ; Windows 7 ; 6.2        ; x86_64         ;
; EDA Netlist Writer        ; DESKTOP-7Q8M5UM  ; Windows 7 ; 6.2        ; x86_64         ;
+---------------------------+------------------+-----------+------------+----------------+


------------
; Flow Log ;
------------
quartus_map --read_settings_files=on --write_settings_files=off Exercise14 -c Exercise17
quartus_fit --read_settings_files=off --write_settings_files=off Exercise14 -c Exercise17
quartus_asm --read_settings_files=off --write_settings_files=off Exercise14 -c Exercise17
quartus_sta Exercise14 -c Exercise17
quartus_eda --read_settings_files=off --write_settings_files=off Exercise14 -c Exercise17



